[debug] [2024-08-03T11:09:53.677Z] ----------------------------------------------------------------------
[debug] [2024-08-03T11:09:53.684Z] Command:       C:\Program Files\nodejs\node.exe C:\Users\USER\AppData\Roaming\npm\node_modules\firebase-tools\lib\bin\firebase.js init
[debug] [2024-08-03T11:09:53.685Z] CLI Version:   13.15.0
[debug] [2024-08-03T11:09:53.685Z] Platform:      win32
[debug] [2024-08-03T11:09:53.686Z] Node Version:  v20.16.0
[debug] [2024-08-03T11:09:53.686Z] Time:          Sat Aug 03 2024 04:09:53 GMT-0700 (Pacific Daylight Time)
[debug] [2024-08-03T11:09:53.686Z] ----------------------------------------------------------------------
[debug] 
[debug] [2024-08-03T11:09:53.691Z] >>> [apiv2][query] GET https://firebase-public.firebaseio.com/cli.json [none]
[debug] [2024-08-03T11:09:53.808Z] > command requires scopes: ["email","openid","https://www.googleapis.com/auth/cloudplatformprojects.readonly","https://www.googleapis.com/auth/firebase","https://www.googleapis.com/auth/cloud-platform"]
[debug] [2024-08-03T11:09:53.808Z] > authorizing via signed-in user (harunamurtala32@gmail.com)
[info] 
     ######## #### ########  ######## ########     ###     ######  ########
     ##        ##  ##     ## ##       ##     ##  ##   ##  ##       ##
     ######    ##  ########  ######   ########  #########  ######  ######
     ##        ##  ##    ##  ##       ##     ## ##     ##       ## ##
     ##       #### ##     ## ######## ########  ##     ##  ######  ########

You're about to initialize a Firebase project in this directory:

  C:\Users\USER\Desktop\maxitapbotcode

[debug] [2024-08-03T11:09:55.824Z] <<< [apiv2][status] GET https://firebase-public.firebaseio.com/cli.json 200
[debug] [2024-08-03T11:09:55.825Z] <<< [apiv2][body] GET https://firebase-public.firebaseio.com/cli.json {"cloudBuildErrorAfter":1594252800000,"cloudBuildWarnAfter":1590019200000,"defaultNode10After":1594252800000,"minVersion":"3.0.5","node8DeploysDisabledAfter":1613390400000,"node8RuntimeDisabledAfter":1615809600000,"node8WarnAfter":1600128000000}
[info] 
=== Project Setup
[info] 
[info] First, let's associate this project directory with a Firebase project.
[info] You can create multiple project aliases by running firebase use --add, 
[info] but for now we'll just set up a default project.
[info] 
[debug] [2024-08-03T11:10:09.224Z] >>> [apiv2][query] GET https://firebase.googleapis.com/v1beta1/projects pageSize=100
[debug] [2024-08-03T11:10:12.714Z] <<< [apiv2][status] GET https://firebase.googleapis.com/v1beta1/projects 200
[debug] [2024-08-03T11:10:12.715Z] <<< [apiv2][body] GET https://firebase.googleapis.com/v1beta1/projects [omitted]
[info] i  Using project okapitapapp (okapitapapp) 
[info] 
=== Database Setup
[info] i  database: ensuring required API firebasedatabase.googleapis.com is enabled... 
[debug] [2024-08-03T11:10:50.222Z] >>> [apiv2][query] GET https://serviceusage.googleapis.com/v1/projects/okapitapapp/services/firebasedatabase.googleapis.com [none]
[debug] [2024-08-03T11:10:50.222Z] >>> [apiv2][(partial)header] GET https://serviceusage.googleapis.com/v1/projects/okapitapapp/services/firebasedatabase.googleapis.com x-goog-quota-user=projects/okapitapapp
[debug] [2024-08-03T11:10:51.663Z] <<< [apiv2][status] GET https://serviceusage.googleapis.com/v1/projects/okapitapapp/services/firebasedatabase.googleapis.com 200
[debug] [2024-08-03T11:10:51.663Z] <<< [apiv2][body] GET https://serviceusage.googleapis.com/v1/projects/okapitapapp/services/firebasedatabase.googleapis.com [omitted]
[warn] !  database: missing required API firebasedatabase.googleapis.com. Enabling now... 
[debug] [2024-08-03T11:10:51.667Z] >>> [apiv2][query] POST https://serviceusage.googleapis.com/v1/projects/okapitapapp/services/firebasedatabase.googleapis.com:enable [none]
[debug] [2024-08-03T11:10:51.667Z] >>> [apiv2][(partial)header] POST https://serviceusage.googleapis.com/v1/projects/okapitapapp/services/firebasedatabase.googleapis.com:enable x-goog-quota-user=projects/okapitapapp
[debug] [2024-08-03T11:10:52.871Z] <<< [apiv2][status] POST https://serviceusage.googleapis.com/v1/projects/okapitapapp/services/firebasedatabase.googleapis.com:enable 200
[debug] [2024-08-03T11:10:52.872Z] <<< [apiv2][body] POST https://serviceusage.googleapis.com/v1/projects/okapitapapp/services/firebasedatabase.googleapis.com:enable [omitted]
[debug] [2024-08-03T11:11:02.875Z] >>> [apiv2][query] GET https://serviceusage.googleapis.com/v1/projects/okapitapapp/services/firebasedatabase.googleapis.com [none]
[debug] [2024-08-03T11:11:02.876Z] >>> [apiv2][(partial)header] GET https://serviceusage.googleapis.com/v1/projects/okapitapapp/services/firebasedatabase.googleapis.com x-goog-quota-user=projects/okapitapapp
[debug] [2024-08-03T11:11:04.383Z] <<< [apiv2][status] GET https://serviceusage.googleapis.com/v1/projects/okapitapapp/services/firebasedatabase.googleapis.com 200
[debug] [2024-08-03T11:11:04.384Z] <<< [apiv2][body] GET https://serviceusage.googleapis.com/v1/projects/okapitapapp/services/firebasedatabase.googleapis.com [omitted]
[info] +  database: required API firebasedatabase.googleapis.com is enabled 
[info] 
[debug] [2024-08-03T11:11:04.398Z] >>> [apiv2][query] GET https://firebase.googleapis.com/v1beta1/projects/okapitapapp [none]
[debug] [2024-08-03T11:11:05.442Z] <<< [apiv2][status] GET https://firebase.googleapis.com/v1beta1/projects/okapitapapp 200
[debug] [2024-08-03T11:11:05.443Z] <<< [apiv2][body] GET https://firebase.googleapis.com/v1beta1/projects/okapitapapp {"projectId":"okapitapapp","projectNumber":"112314690380","displayName":"okapitapapp","name":"projects/okapitapapp","resources":{"hostingSite":"okapitapapp"},"state":"ACTIVE","etag":"1_d24f4d05-94fc-42c6-968e-23d05f0fca34"}
[debug] [2024-08-03T11:12:08.905Z] >>> [apiv2][query] POST https://firebasedatabase.googleapis.com/v1beta/projects/okapitapapp/locations/us-central1/instances databaseId=okapitapapp-default-rtdb&validateOnly=true
[debug] [2024-08-03T11:12:08.906Z] >>> [apiv2][body] POST https://firebasedatabase.googleapis.com/v1beta/projects/okapitapapp/locations/us-central1/instances {"type":"default_database"}
[debug] [2024-08-03T11:12:18.911Z] *** [apiv2] error from fetch(https://firebasedatabase.googleapis.com/v1beta/projects/okapitapapp/locations/us-central1/instances?databaseId=okapitapapp-default-rtdb&validateOnly=true, {"headers":{},"method":"POST","signal":{},"body":"{\"type\":\"default_database\"}"}): AbortError: The user aborted a request.
[debug] [2024-08-03T11:12:18.912Z] Invalid Realtime Database instance name: okapitapapp-default-rtdb. Timeout reached making request to https://firebasedatabase.googleapis.com/v1beta/projects/okapitapapp/locations/us-central1/instances?databaseId=okapitapapp-default-rtdb&validateOnly=true
[debug] [2024-08-03T11:12:19.941Z] TypeError: Cannot read properties of undefined (reading 'body')
    at checkInstanceNameAvailable (C:\Users\USER\AppData\Roaming\npm\node_modules\firebase-tools\lib\management\database.js:106:37)
    at process.processTicksAndRejections (node:internal/process/task_queues:95:5)
    at async createDefaultDatabaseInstance (C:\Users\USER\AppData\Roaming\npm\node_modules\firebase-tools\lib\init\features\database.js:50:25)
    at async doSetup (C:\Users\USER\AppData\Roaming\npm\node_modules\firebase-tools\lib\init\features\database.js:89:35)
    at async init (C:\Users\USER\AppData\Roaming\npm\node_modules\firebase-tools\lib\init\index.js:40:9)
[error] 
[error] Error: An unexpected error has occurred.
